<?xml version="1.0" encoding="UTF-8" ?>
<testsuite tests="15" failures="0" name="pageController.Regressao" time="263.223" errors="0" skipped="0">
  <properties>
[...]
</properties>
  <testcase classname="pageController.Regressao" name="AAInserirAbrang" time="25.225"/>
  <testcase classname="pageController.Regressao" name="BAprovarRascunhoAbrang" time="16.253"/>
  <testcase classname="pageController.Regressao" name="CancelarAbrangLog" time="10.036"/>
  <testcase classname="pageController.Regressao" name="_03InserirAbrangLog" time="29.402"/>
  <testcase classname="pageController.Regressao" name="_05AprovarRascunhoAbrangLog" time="12.953"/>
  <testcase classname="pageController.Regressao" name="_06SalvarAbrangLog" time="37.066"/>
  <testcase classname="pageController.Regressao" name="_07ExcluiRascunhoLog" time="12.351"/>
  <testcase classname="pageController.Regressao" name="_08InserirPreco" time="20.727"/>
  <testcase classname="pageController.Regressao" name="_09AprovarPreco" time="18.369"/>
  <testcase classname="pageController.Regressao" name="_12CancelarPreco" time="13.767"/>
  <testcase classname="pageController.Regressao" name="_12SalvarPreco" time="14.363"/>
  <testcase classname="pageController.Regressao" name="_13ExcluiPreco" time="12.067"/>
  <testcase classname="pageController.Regressao" name="_15SalvarAbrang" time="17.127"/>
  <testcase classname="pageController.Regressao" name="_16ExcluiRascunhoAbrang" time="12.122"/>
  <testcase classname="pageController.Regressao" name="_16cancelarAbrang" time="11.395"/>
</testsuite>